At time 1 process 1 started arr 1 total 5 remain 5 wait 0
At time 4 process 1 stopped arr 1 total 5 remain 2 wait 0 
At time 4 process 2 started arr 1 total 3 remain 3 wait 3
At time 7 process 2 finished arr 1 total 3 remain 0 wait 3 TA 6 WTA 2 
At time 7 process 1 resumed arr 1 total 5 remain 2 wait 3
At time 7 process 1 stopped arr 1 total 5 remain 2 wait 3 
At time 7 process 1 resumed arr 1 total 5 remain 2 wait 3
At time 9 process 1 finished arr 1 total 5 remain 0 wait 3 TA 8 WTA 1.6 
At time 9 process 3 started arr 8 total 3 remain 3 wait 1
At time 12 process 3 finished arr 8 total 3 remain 0 wait 1 TA 4 WTA 1.33 
At time 12 process 4 started arr 10 total 2 remain 2 wait 2
At time 14 process 4 finished arr 10 total 2 remain 0 wait 2 TA 4 WTA 2 
At time 14 process 5 started arr 10 total 3 remain 3 wait 4
At time 17 process 5 finished arr 10 total 3 remain 0 wait 4 TA 7 WTA 2.33 
At time 17 process 6 started arr 13 total 9 remain 9 wait 4
At time 20 process 6 stopped arr 13 total 9 remain 6 wait 4 
At time 20 process 7 started arr 15 total 7 remain 7 wait 5
At time 23 process 7 stopped arr 15 total 7 remain 4 wait 5 
At time 23 process 8 started arr 16 total 5 remain 5 wait 7
At time 26 process 8 stopped arr 16 total 5 remain 2 wait 7 
At time 26 process 9 started arr 17 total 2 remain 2 wait 9
At time 28 process 9 finished arr 17 total 2 remain 0 wait 9 TA 11 WTA 5.5 
At time 28 process 10 started arr 17 total 1 remain 1 wait 11
At time 29 process 10 finished arr 17 total 1 remain 0 wait 11 TA 12 WTA 12 
At time 29 process 6 resumed arr 13 total 9 remain 6 wait 13
At time 29 process 6 stopped arr 13 total 9 remain 6 wait 13 
At time 29 process 7 resumed arr 15 total 7 remain 4 wait 11
At time 32 process 7 stopped arr 15 total 7 remain 1 wait 11 
At time 32 process 8 resumed arr 16 total 5 remain 2 wait 13
At time 32 process 8 stopped arr 16 total 5 remain 2 wait 13 
At time 32 process 6 resumed arr 13 total 9 remain 6 wait 16
At time 35 process 6 stopped arr 13 total 9 remain 3 wait 16 
At time 35 process 7 resumed arr 15 total 7 remain 1 wait 14
At time 35 process 7 stopped arr 15 total 7 remain 1 wait 14 
At time 35 process 8 resumed arr 16 total 5 remain 2 wait 16
At time 37 process 8 finished arr 16 total 5 remain 0 wait 16 TA 21 WTA 4.2 
At time 37 process 6 resumed arr 13 total 9 remain 3 wait 18
At time 40 process 6 finished arr 13 total 9 remain 0 wait 18 TA 27 WTA 3 
At time 40 process 7 resumed arr 15 total 7 remain 1 wait 19
At time 41 process 7 finished arr 15 total 7 remain 0 wait 19 TA 26 WTA 3.71 
